<?xml version="1.0" encoding="UTF-8"?>
<testsuite xmlns:xsi="http://www.w3.org/2001/XMLSchema-instance" xsi:noNamespaceSchemaLocation="https://maven.apache.org/surefire/maven-surefire-plugin/xsd/surefire-test-report-3.0.xsd" version="3.0" name="com.sprinklr.neo4j.NonReturnQueryTest" time="1.161" tests="1" errors="0" skipped="0" failures="0">
  <properties>
    <property name="java.specification.version" value="22"/>
    <property name="sun.jnu.encoding" value="UTF-8"/>
    <property name="java.class.path" value="/Users/harsh.vardhan/NeoTest/app-java/target/test-classes:/Users/harsh.vardhan/NeoTest/app-java/target/classes:/Users/harsh.vardhan/.m2/repository/org/projectlombok/lombok/1.18.26/lombok-1.18.26.jar:/Users/harsh.vardhan/.m2/repository/org/springframework/boot/spring-boot-starter-data-neo4j/2.6.3/spring-boot-starter-data-neo4j-2.6.3.jar:/Users/harsh.vardhan/.m2/repository/org/springframework/boot/spring-boot-starter/3.3.0/spring-boot-starter-3.3.0.jar:/Users/harsh.vardhan/.m2/repository/org/springframework/boot/spring-boot/3.3.0/spring-boot-3.3.0.jar:/Users/harsh.vardhan/.m2/repository/org/springframework/boot/spring-boot-autoconfigure/3.3.0/spring-boot-autoconfigure-3.3.0.jar:/Users/harsh.vardhan/.m2/repository/org/springframework/boot/spring-boot-starter-logging/3.3.0/spring-boot-starter-logging-3.3.0.jar:/Users/harsh.vardhan/.m2/repository/ch/qos/logback/logback-classic/1.5.6/logback-classic-1.5.6.jar:/Users/harsh.vardhan/.m2/repository/ch/qos/logback/logback-core/1.5.6/logback-core-1.5.6.jar:/Users/harsh.vardhan/.m2/repository/org/apache/logging/log4j/log4j-to-slf4j/2.23.1/log4j-to-slf4j-2.23.1.jar:/Users/harsh.vardhan/.m2/repository/org/apache/logging/log4j/log4j-api/2.23.1/log4j-api-2.23.1.jar:/Users/harsh.vardhan/.m2/repository/org/slf4j/jul-to-slf4j/2.0.13/jul-to-slf4j-2.0.13.jar:/Users/harsh.vardhan/.m2/repository/jakarta/annotation/jakarta.annotation-api/2.1.1/jakarta.annotation-api-2.1.1.jar:/Users/harsh.vardhan/.m2/repository/org/yaml/snakeyaml/2.2/snakeyaml-2.2.jar:/Users/harsh.vardhan/.m2/repository/org/springframework/data/spring-data-neo4j/7.3.0/spring-data-neo4j-7.3.0.jar:/Users/harsh.vardhan/.m2/repository/jakarta/transaction/jakarta.transaction-api/2.0.1/jakarta.transaction-api-2.0.1.jar:/Users/harsh.vardhan/.m2/repository/org/apiguardian/apiguardian-api/1.1.1/apiguardian-api-1.1.1.jar:/Users/harsh.vardhan/.m2/repository/org/neo4j/neo4j-cypher-dsl/2023.9.5/neo4j-cypher-dsl-2023.9.5.jar:/Users/harsh.vardhan/.m2/repository/org/neo4j/neo4j-cypher-dsl-schema-name-support/2023.9.5/neo4j-cypher-dsl-schema-name-support-2023.9.5.jar:/Users/harsh.vardhan/.m2/repository/org/neo4j/driver/neo4j-java-driver/5.20.0/neo4j-java-driver-5.20.0.jar:/Users/harsh.vardhan/.m2/repository/org/reactivestreams/reactive-streams/1.0.4/reactive-streams-1.0.4.jar:/Users/harsh.vardhan/.m2/repository/io/netty/netty-handler/4.1.110.Final/netty-handler-4.1.110.Final.jar:/Users/harsh.vardhan/.m2/repository/io/netty/netty-common/4.1.110.Final/netty-common-4.1.110.Final.jar:/Users/harsh.vardhan/.m2/repository/io/netty/netty-resolver/4.1.110.Final/netty-resolver-4.1.110.Final.jar:/Users/harsh.vardhan/.m2/repository/io/netty/netty-buffer/4.1.110.Final/netty-buffer-4.1.110.Final.jar:/Users/harsh.vardhan/.m2/repository/io/netty/netty-transport/4.1.110.Final/netty-transport-4.1.110.Final.jar:/Users/harsh.vardhan/.m2/repository/io/netty/netty-transport-native-unix-common/4.1.110.Final/netty-transport-native-unix-common-4.1.110.Final.jar:/Users/harsh.vardhan/.m2/repository/io/netty/netty-codec/4.1.110.Final/netty-codec-4.1.110.Final.jar:/Users/harsh.vardhan/.m2/repository/io/netty/netty-tcnative-classes/2.0.65.Final/netty-tcnative-classes-2.0.65.Final.jar:/Users/harsh.vardhan/.m2/repository/io/projectreactor/reactor-core/3.6.6/reactor-core-3.6.6.jar:/Users/harsh.vardhan/.m2/repository/org/springframework/spring-beans/6.1.8/spring-beans-6.1.8.jar:/Users/harsh.vardhan/.m2/repository/org/springframework/spring-context/6.1.8/spring-context-6.1.8.jar:/Users/harsh.vardhan/.m2/repository/org/springframework/spring-aop/6.1.8/spring-aop-6.1.8.jar:/Users/harsh.vardhan/.m2/repository/org/springframework/spring-expression/6.1.8/spring-expression-6.1.8.jar:/Users/harsh.vardhan/.m2/repository/io/micrometer/micrometer-observation/1.13.0/micrometer-observation-1.13.0.jar:/Users/harsh.vardhan/.m2/repository/io/micrometer/micrometer-commons/1.13.0/micrometer-commons-1.13.0.jar:/Users/harsh.vardhan/.m2/repository/org/springframework/spring-tx/6.1.8/spring-tx-6.1.8.jar:/Users/harsh.vardhan/.m2/repository/org/springframework/data/spring-data-commons/3.3.0/spring-data-commons-3.3.0.jar:/Users/harsh.vardhan/.m2/repository/org/slf4j/slf4j-api/2.0.13/slf4j-api-2.0.13.jar:/Users/harsh.vardhan/.m2/repository/org/springframework/boot/spring-boot-starter-test/3.3.0/spring-boot-starter-test-3.3.0.jar:/Users/harsh.vardhan/.m2/repository/org/springframework/boot/spring-boot-test/3.3.0/spring-boot-test-3.3.0.jar:/Users/harsh.vardhan/.m2/repository/org/springframework/boot/spring-boot-test-autoconfigure/3.3.0/spring-boot-test-autoconfigure-3.3.0.jar:/Users/harsh.vardhan/.m2/repository/com/jayway/jsonpath/json-path/2.9.0/json-path-2.9.0.jar:/Users/harsh.vardhan/.m2/repository/jakarta/xml/bind/jakarta.xml.bind-api/4.0.2/jakarta.xml.bind-api-4.0.2.jar:/Users/harsh.vardhan/.m2/repository/jakarta/activation/jakarta.activation-api/2.1.3/jakarta.activation-api-2.1.3.jar:/Users/harsh.vardhan/.m2/repository/net/minidev/json-smart/2.5.1/json-smart-2.5.1.jar:/Users/harsh.vardhan/.m2/repository/net/minidev/accessors-smart/2.5.1/accessors-smart-2.5.1.jar:/Users/harsh.vardhan/.m2/repository/org/ow2/asm/asm/9.6/asm-9.6.jar:/Users/harsh.vardhan/.m2/repository/org/assertj/assertj-core/3.25.3/assertj-core-3.25.3.jar:/Users/harsh.vardhan/.m2/repository/net/bytebuddy/byte-buddy/1.14.16/byte-buddy-1.14.16.jar:/Users/harsh.vardhan/.m2/repository/org/awaitility/awaitility/4.2.1/awaitility-4.2.1.jar:/Users/harsh.vardhan/.m2/repository/org/hamcrest/hamcrest/2.2/hamcrest-2.2.jar:/Users/harsh.vardhan/.m2/repository/org/mockito/mockito-core/5.11.0/mockito-core-5.11.0.jar:/Users/harsh.vardhan/.m2/repository/net/bytebuddy/byte-buddy-agent/1.14.16/byte-buddy-agent-1.14.16.jar:/Users/harsh.vardhan/.m2/repository/org/objenesis/objenesis/3.3/objenesis-3.3.jar:/Users/harsh.vardhan/.m2/repository/org/mockito/mockito-junit-jupiter/5.11.0/mockito-junit-jupiter-5.11.0.jar:/Users/harsh.vardhan/.m2/repository/org/skyscreamer/jsonassert/1.5.1/jsonassert-1.5.1.jar:/Users/harsh.vardhan/.m2/repository/com/vaadin/external/google/android-json/0.0.20131108.vaadin1/android-json-0.0.20131108.vaadin1.jar:/Users/harsh.vardhan/.m2/repository/org/springframework/spring-core/6.1.8/spring-core-6.1.8.jar:/Users/harsh.vardhan/.m2/repository/org/springframework/spring-jcl/6.1.8/spring-jcl-6.1.8.jar:/Users/harsh.vardhan/.m2/repository/org/springframework/spring-test/6.1.8/spring-test-6.1.8.jar:/Users/harsh.vardhan/.m2/repository/org/xmlunit/xmlunit-core/2.9.1/xmlunit-core-2.9.1.jar:/Users/harsh.vardhan/.m2/repository/org/junit/jupiter/junit-jupiter/5.8.2/junit-jupiter-5.8.2.jar:/Users/harsh.vardhan/.m2/repository/org/junit/jupiter/junit-jupiter-api/5.10.2/junit-jupiter-api-5.10.2.jar:/Users/harsh.vardhan/.m2/repository/org/opentest4j/opentest4j/1.3.0/opentest4j-1.3.0.jar:/Users/harsh.vardhan/.m2/repository/org/junit/platform/junit-platform-commons/1.10.2/junit-platform-commons-1.10.2.jar:/Users/harsh.vardhan/.m2/repository/org/junit/jupiter/junit-jupiter-params/5.10.2/junit-jupiter-params-5.10.2.jar:/Users/harsh.vardhan/.m2/repository/org/junit/jupiter/junit-jupiter-engine/5.10.2/junit-jupiter-engine-5.10.2.jar:/Users/harsh.vardhan/.m2/repository/org/junit/platform/junit-platform-engine/1.10.2/junit-platform-engine-1.10.2.jar:"/>
    <property name="java.vm.vendor" value="Homebrew"/>
    <property name="sun.arch.data.model" value="64"/>
    <property name="java.vendor.url" value="https://github.com/Homebrew/homebrew-core/issues"/>
    <property name="user.timezone" value="Asia/Kolkata"/>
    <property name="os.name" value="Mac OS X"/>
    <property name="java.vm.specification.version" value="22"/>
    <property name="sun.java.launcher" value="SUN_STANDARD"/>
    <property name="user.country" value="IN"/>
    <property name="sun.boot.library.path" value="/usr/local/Cellar/openjdk/22.0.1/libexec/openjdk.jdk/Contents/Home/lib"/>
    <property name="sun.java.command" value="/Users/harsh.vardhan/NeoTest/app-java/target/surefire/surefirebooter-20240704144738041_3.jar /Users/harsh.vardhan/NeoTest/app-java/target/surefire 2024-07-04T14-47-37_948-jvmRun1 surefire-20240704144738041_1tmp surefire_0-20240704144738041_2tmp"/>
    <property name="http.nonProxyHosts" value="local|*.local|169.254/16|*.169.254/16"/>
    <property name="jdk.debug" value="release"/>
    <property name="surefire.test.class.path" value="/Users/harsh.vardhan/NeoTest/app-java/target/test-classes:/Users/harsh.vardhan/NeoTest/app-java/target/classes:/Users/harsh.vardhan/.m2/repository/org/projectlombok/lombok/1.18.26/lombok-1.18.26.jar:/Users/harsh.vardhan/.m2/repository/org/springframework/boot/spring-boot-starter-data-neo4j/2.6.3/spring-boot-starter-data-neo4j-2.6.3.jar:/Users/harsh.vardhan/.m2/repository/org/springframework/boot/spring-boot-starter/3.3.0/spring-boot-starter-3.3.0.jar:/Users/harsh.vardhan/.m2/repository/org/springframework/boot/spring-boot/3.3.0/spring-boot-3.3.0.jar:/Users/harsh.vardhan/.m2/repository/org/springframework/boot/spring-boot-autoconfigure/3.3.0/spring-boot-autoconfigure-3.3.0.jar:/Users/harsh.vardhan/.m2/repository/org/springframework/boot/spring-boot-starter-logging/3.3.0/spring-boot-starter-logging-3.3.0.jar:/Users/harsh.vardhan/.m2/repository/ch/qos/logback/logback-classic/1.5.6/logback-classic-1.5.6.jar:/Users/harsh.vardhan/.m2/repository/ch/qos/logback/logback-core/1.5.6/logback-core-1.5.6.jar:/Users/harsh.vardhan/.m2/repository/org/apache/logging/log4j/log4j-to-slf4j/2.23.1/log4j-to-slf4j-2.23.1.jar:/Users/harsh.vardhan/.m2/repository/org/apache/logging/log4j/log4j-api/2.23.1/log4j-api-2.23.1.jar:/Users/harsh.vardhan/.m2/repository/org/slf4j/jul-to-slf4j/2.0.13/jul-to-slf4j-2.0.13.jar:/Users/harsh.vardhan/.m2/repository/jakarta/annotation/jakarta.annotation-api/2.1.1/jakarta.annotation-api-2.1.1.jar:/Users/harsh.vardhan/.m2/repository/org/yaml/snakeyaml/2.2/snakeyaml-2.2.jar:/Users/harsh.vardhan/.m2/repository/org/springframework/data/spring-data-neo4j/7.3.0/spring-data-neo4j-7.3.0.jar:/Users/harsh.vardhan/.m2/repository/jakarta/transaction/jakarta.transaction-api/2.0.1/jakarta.transaction-api-2.0.1.jar:/Users/harsh.vardhan/.m2/repository/org/apiguardian/apiguardian-api/1.1.1/apiguardian-api-1.1.1.jar:/Users/harsh.vardhan/.m2/repository/org/neo4j/neo4j-cypher-dsl/2023.9.5/neo4j-cypher-dsl-2023.9.5.jar:/Users/harsh.vardhan/.m2/repository/org/neo4j/neo4j-cypher-dsl-schema-name-support/2023.9.5/neo4j-cypher-dsl-schema-name-support-2023.9.5.jar:/Users/harsh.vardhan/.m2/repository/org/neo4j/driver/neo4j-java-driver/5.20.0/neo4j-java-driver-5.20.0.jar:/Users/harsh.vardhan/.m2/repository/org/reactivestreams/reactive-streams/1.0.4/reactive-streams-1.0.4.jar:/Users/harsh.vardhan/.m2/repository/io/netty/netty-handler/4.1.110.Final/netty-handler-4.1.110.Final.jar:/Users/harsh.vardhan/.m2/repository/io/netty/netty-common/4.1.110.Final/netty-common-4.1.110.Final.jar:/Users/harsh.vardhan/.m2/repository/io/netty/netty-resolver/4.1.110.Final/netty-resolver-4.1.110.Final.jar:/Users/harsh.vardhan/.m2/repository/io/netty/netty-buffer/4.1.110.Final/netty-buffer-4.1.110.Final.jar:/Users/harsh.vardhan/.m2/repository/io/netty/netty-transport/4.1.110.Final/netty-transport-4.1.110.Final.jar:/Users/harsh.vardhan/.m2/repository/io/netty/netty-transport-native-unix-common/4.1.110.Final/netty-transport-native-unix-common-4.1.110.Final.jar:/Users/harsh.vardhan/.m2/repository/io/netty/netty-codec/4.1.110.Final/netty-codec-4.1.110.Final.jar:/Users/harsh.vardhan/.m2/repository/io/netty/netty-tcnative-classes/2.0.65.Final/netty-tcnative-classes-2.0.65.Final.jar:/Users/harsh.vardhan/.m2/repository/io/projectreactor/reactor-core/3.6.6/reactor-core-3.6.6.jar:/Users/harsh.vardhan/.m2/repository/org/springframework/spring-beans/6.1.8/spring-beans-6.1.8.jar:/Users/harsh.vardhan/.m2/repository/org/springframework/spring-context/6.1.8/spring-context-6.1.8.jar:/Users/harsh.vardhan/.m2/repository/org/springframework/spring-aop/6.1.8/spring-aop-6.1.8.jar:/Users/harsh.vardhan/.m2/repository/org/springframework/spring-expression/6.1.8/spring-expression-6.1.8.jar:/Users/harsh.vardhan/.m2/repository/io/micrometer/micrometer-observation/1.13.0/micrometer-observation-1.13.0.jar:/Users/harsh.vardhan/.m2/repository/io/micrometer/micrometer-commons/1.13.0/micrometer-commons-1.13.0.jar:/Users/harsh.vardhan/.m2/repository/org/springframework/spring-tx/6.1.8/spring-tx-6.1.8.jar:/Users/harsh.vardhan/.m2/repository/org/springframework/data/spring-data-commons/3.3.0/spring-data-commons-3.3.0.jar:/Users/harsh.vardhan/.m2/repository/org/slf4j/slf4j-api/2.0.13/slf4j-api-2.0.13.jar:/Users/harsh.vardhan/.m2/repository/org/springframework/boot/spring-boot-starter-test/3.3.0/spring-boot-starter-test-3.3.0.jar:/Users/harsh.vardhan/.m2/repository/org/springframework/boot/spring-boot-test/3.3.0/spring-boot-test-3.3.0.jar:/Users/harsh.vardhan/.m2/repository/org/springframework/boot/spring-boot-test-autoconfigure/3.3.0/spring-boot-test-autoconfigure-3.3.0.jar:/Users/harsh.vardhan/.m2/repository/com/jayway/jsonpath/json-path/2.9.0/json-path-2.9.0.jar:/Users/harsh.vardhan/.m2/repository/jakarta/xml/bind/jakarta.xml.bind-api/4.0.2/jakarta.xml.bind-api-4.0.2.jar:/Users/harsh.vardhan/.m2/repository/jakarta/activation/jakarta.activation-api/2.1.3/jakarta.activation-api-2.1.3.jar:/Users/harsh.vardhan/.m2/repository/net/minidev/json-smart/2.5.1/json-smart-2.5.1.jar:/Users/harsh.vardhan/.m2/repository/net/minidev/accessors-smart/2.5.1/accessors-smart-2.5.1.jar:/Users/harsh.vardhan/.m2/repository/org/ow2/asm/asm/9.6/asm-9.6.jar:/Users/harsh.vardhan/.m2/repository/org/assertj/assertj-core/3.25.3/assertj-core-3.25.3.jar:/Users/harsh.vardhan/.m2/repository/net/bytebuddy/byte-buddy/1.14.16/byte-buddy-1.14.16.jar:/Users/harsh.vardhan/.m2/repository/org/awaitility/awaitility/4.2.1/awaitility-4.2.1.jar:/Users/harsh.vardhan/.m2/repository/org/hamcrest/hamcrest/2.2/hamcrest-2.2.jar:/Users/harsh.vardhan/.m2/repository/org/mockito/mockito-core/5.11.0/mockito-core-5.11.0.jar:/Users/harsh.vardhan/.m2/repository/net/bytebuddy/byte-buddy-agent/1.14.16/byte-buddy-agent-1.14.16.jar:/Users/harsh.vardhan/.m2/repository/org/objenesis/objenesis/3.3/objenesis-3.3.jar:/Users/harsh.vardhan/.m2/repository/org/mockito/mockito-junit-jupiter/5.11.0/mockito-junit-jupiter-5.11.0.jar:/Users/harsh.vardhan/.m2/repository/org/skyscreamer/jsonassert/1.5.1/jsonassert-1.5.1.jar:/Users/harsh.vardhan/.m2/repository/com/vaadin/external/google/android-json/0.0.20131108.vaadin1/android-json-0.0.20131108.vaadin1.jar:/Users/harsh.vardhan/.m2/repository/org/springframework/spring-core/6.1.8/spring-core-6.1.8.jar:/Users/harsh.vardhan/.m2/repository/org/springframework/spring-jcl/6.1.8/spring-jcl-6.1.8.jar:/Users/harsh.vardhan/.m2/repository/org/springframework/spring-test/6.1.8/spring-test-6.1.8.jar:/Users/harsh.vardhan/.m2/repository/org/xmlunit/xmlunit-core/2.9.1/xmlunit-core-2.9.1.jar:/Users/harsh.vardhan/.m2/repository/org/junit/jupiter/junit-jupiter/5.8.2/junit-jupiter-5.8.2.jar:/Users/harsh.vardhan/.m2/repository/org/junit/jupiter/junit-jupiter-api/5.10.2/junit-jupiter-api-5.10.2.jar:/Users/harsh.vardhan/.m2/repository/org/opentest4j/opentest4j/1.3.0/opentest4j-1.3.0.jar:/Users/harsh.vardhan/.m2/repository/org/junit/platform/junit-platform-commons/1.10.2/junit-platform-commons-1.10.2.jar:/Users/harsh.vardhan/.m2/repository/org/junit/jupiter/junit-jupiter-params/5.10.2/junit-jupiter-params-5.10.2.jar:/Users/harsh.vardhan/.m2/repository/org/junit/jupiter/junit-jupiter-engine/5.10.2/junit-jupiter-engine-5.10.2.jar:/Users/harsh.vardhan/.m2/repository/org/junit/platform/junit-platform-engine/1.10.2/junit-platform-engine-1.10.2.jar:"/>
    <property name="sun.cpu.endian" value="little"/>
    <property name="user.home" value="/Users/harsh.vardhan"/>
    <property name="user.language" value="en"/>
    <property name="java.specification.vendor" value="Oracle Corporation"/>
    <property name="java.version.date" value="2024-04-16"/>
    <property name="java.home" value="/usr/local/Cellar/openjdk/22.0.1/libexec/openjdk.jdk/Contents/Home"/>
    <property name="file.separator" value="/"/>
    <property name="basedir" value="/Users/harsh.vardhan/NeoTest/app-java"/>
    <property name="java.vm.compressedOopsMode" value="Zero based"/>
    <property name="line.separator" value="&#10;"/>
    <property name="java.vm.specification.vendor" value="Oracle Corporation"/>
    <property name="java.specification.name" value="Java Platform API Specification"/>
    <property name="FILE_LOG_CHARSET" value="UTF-8"/>
    <property name="java.awt.headless" value="true"/>
    <property name="apple.awt.application.name" value="ForkedBooter"/>
    <property name="surefire.real.class.path" value="/Users/harsh.vardhan/NeoTest/app-java/target/surefire/surefirebooter-20240704144738041_3.jar"/>
    <property name="sun.management.compiler" value="HotSpot 64-Bit Tiered Compilers"/>
    <property name="ftp.nonProxyHosts" value="local|*.local|169.254/16|*.169.254/16"/>
    <property name="java.runtime.version" value="22.0.1"/>
    <property name="user.name" value="harsh.vardhan"/>
    <property name="stdout.encoding" value="UTF-8"/>
    <property name="path.separator" value=":"/>
    <property name="os.version" value="14.5"/>
    <property name="java.runtime.name" value="OpenJDK Runtime Environment"/>
    <property name="file.encoding" value="UTF-8"/>
    <property name="java.vm.name" value="OpenJDK 64-Bit Server VM"/>
    <property name="java.vendor.version" value="Homebrew"/>
    <property name="localRepository" value="/Users/harsh.vardhan/.m2/repository"/>
    <property name="java.vendor.url.bug" value="https://github.com/Homebrew/homebrew-core/issues"/>
    <property name="java.io.tmpdir" value="/var/folders/4c/4yp34tfj6wbfbf8_0ylykvsr0000gp/T/"/>
    <property name="java.version" value="22.0.1"/>
    <property name="user.dir" value="/Users/harsh.vardhan/NeoTest/app-java"/>
    <property name="os.arch" value="x86_64"/>
    <property name="java.vm.specification.name" value="Java Virtual Machine Specification"/>
    <property name="PID" value="21158"/>
    <property name="CONSOLE_LOG_CHARSET" value="UTF-8"/>
    <property name="native.encoding" value="UTF-8"/>
    <property name="java.library.path" value="/Users/harsh.vardhan/Library/Java/Extensions:/Library/Java/Extensions:/Network/Library/Java/Extensions:/System/Library/Java/Extensions:/usr/lib/java:."/>
    <property name="java.vm.info" value="mixed mode, sharing"/>
    <property name="stderr.encoding" value="UTF-8"/>
    <property name="java.vendor" value="Homebrew"/>
    <property name="java.vm.version" value="22.0.1"/>
    <property name="sun.io.unicode.encoding" value="UnicodeBig"/>
    <property name="socksNonProxyHosts" value="local|*.local|169.254/16|*.169.254/16"/>
    <property name="java.class.version" value="66.0"/>
    <property name="LOGGED_APPLICATION_NAME" value="[Neo4J Wrapper] "/>
  </properties>
  <testcase name="queryWithNoReturn" classname="com.sprinklr.neo4j.NonReturnQueryTest" time="1.154">
    <system-out><![CDATA[2024-07-04T14:47:45.688+05:30  INFO 21158 --- [Neo4J Wrapper] [           main] t.c.s.AnnotationConfigContextLoaderUtils : Could not detect default configuration classes for test class [com.sprinklr.neo4j.NonReturnQueryTest]: NonReturnQueryTest does not declare any static, non-private, non-final, nested classes annotated with @Configuration.
2024-07-04T14:47:45.690+05:30  INFO 21158 --- [Neo4J Wrapper] [           main] .b.t.c.SpringBootTestContextBootstrapper : Found @SpringBootConfiguration com.sprinklr.neo4j.Application for test class com.sprinklr.neo4j.NonReturnQueryTest
2024-07-04T14:47:45.694+05:30 DEBUG 21158 --- [Neo4J Wrapper] [           main] o.s.d.n.c.t.Neo4jTransactionManager      : Creating new transaction with name [com.sprinklr.neo4j.NonReturnQueryTest.queryWithNoReturn]: PROPAGATION_REQUIRED,ISOLATION_DEFAULT
2024-07-04T14:47:46.152+05:30 DEBUG 21158 --- [Neo4J Wrapper] [           main] o.s.d.n.c.t.Neo4jTransactionManager      : Participating in existing transaction
2024-07-04T14:47:46.152+05:30 DEBUG 21158 --- [Neo4J Wrapper] [           main] o.s.d.n.c.t.Neo4jTransactionManager      : Participating in existing transaction
2024-07-04T14:47:46.152+05:30  WARN 21158 --- [Neo4J Wrapper] [           main] o.s.d.n.c.m.DefaultNeo4jIsNewStrategy    : Instances of class com.sprinklr.neo4j.entities.RegionEntity with an assigned id will always be treated as new without version property
2024-07-04T14:47:46.157+05:30 DEBUG 21158 --- [Neo4J Wrapper] [           main] org.springframework.data.neo4j.cypher    : Executing:
OPTIONAL MATCH (hlp:`Region`) WHERE hlp.regionID = $__id__ WITH hlp WHERE hlp IS NULL CREATE (regionEntity:`Region`) WITH regionEntity SET regionEntity += $__properties__ RETURN regionEntity UNION MATCH (regionEntity:`Region`) WHERE regionEntity.regionID = $__id__ WITH regionEntity SET regionEntity += $__properties__ RETURN regionEntity
2024-07-04T14:47:46.248+05:30 DEBUG 21158 --- [Neo4J Wrapper] [           main] o.s.d.n.c.t.Neo4jTransactionManager      : Participating in existing transaction
2024-07-04T14:47:46.248+05:30 DEBUG 21158 --- [Neo4J Wrapper] [           main] org.springframework.data.neo4j.cypher    : Executing:
MATCH (r:Region where r.regionID = "temp_id") SET r.created_prop = 1;
2024-07-04T14:47:46.358+05:30 DEBUG 21158 --- [Neo4J Wrapper] [           main] o.s.d.n.c.t.Neo4jTransactionManager      : Participating in existing transaction
2024-07-04T14:47:46.358+05:30 DEBUG 21158 --- [Neo4J Wrapper] [           main] org.springframework.data.neo4j.cypher    : Executing:
MATCH (r:Region where r.regionID = "temp_id") RETURN r as regionEntity, r.created_prop as created_prop;
2024-07-04T14:47:46.492+05:30 DEBUG 21158 --- [Neo4J Wrapper] [           main] o.s.d.n.c.t.Neo4jTransactionManager      : Initiating transaction rollback
]]></system-out>
  </testcase>
</testsuite>